2022-03-16 12:03:37 [restartedMain] INFO  SpringDemo.MainTest - Starting MainTest using Java 17.0.1 on D-OS1-THANHDD with PID 5800 (C:\Users\thang.doan\eclipse-workspace\SpringDemo\target\classes started by thang.doan in C:\Users\thang.doan\eclipse-workspace\SpringDemo)
2022-03-16 12:03:37 [restartedMain] INFO  SpringDemo.MainTest - No active profile set, falling back to 1 default profile: "default"
2022-03-16 12:03:37 [restartedMain] INFO  o.s.b.w.e.tomcat.TomcatWebServer - Tomcat initialized with port(s): 9090 (http)
2022-03-16 12:03:37 [restartedMain] INFO  o.a.catalina.core.StandardService - Starting service [Tomcat]
2022-03-16 12:03:37 [restartedMain] INFO  o.a.catalina.core.StandardEngine - Starting Servlet engine: [Apache Tomcat/9.0.58]
2022-03-16 12:03:37 [restartedMain] INFO  o.a.c.c.C.[Tomcat].[localhost].[/] - Initializing Spring embedded WebApplicationContext
2022-03-16 12:03:37 [restartedMain] INFO  o.s.b.w.s.c.ServletWebServerApplicationContext - Root WebApplicationContext: initialization completed in 127 ms
2022-03-16 12:03:37 [restartedMain] INFO  o.s.b.d.a.OptionalLiveReloadServer - LiveReload server is running on port 35729
2022-03-16 12:03:37 [restartedMain] INFO  o.s.b.w.e.tomcat.TomcatWebServer - Tomcat started on port(s): 9090 (http) with context path ''
2022-03-16 12:03:37 [restartedMain] INFO  SpringDemo.MainTest - Started MainTest in 0.216 seconds (JVM running for 51.556)
2022-03-16 12:03:37 [restartedMain] INFO  o.s.b.d.a.ConditionEvaluationDeltaLoggingListener - Condition evaluation unchanged
2022-03-16 12:03:37 [restartedMain] ERROR SpringDemo.MainTest - Mesage logged at error level
2022-03-16 12:03:37 [restartedMain] WARN  SpringDemo.MainTest - Mesage logged at warn level
2022-03-16 12:03:37 [restartedMain] INFO  SpringDemo.MainTest - Mesage logged at info level
2022-03-16 12:03:57 [RMI TCP Connection(3)-127.0.0.1] INFO  o.s.b.a.SpringApplicationAdminMXBeanRegistrar$SpringApplicationAdmin - Application shutdown requested.
2022-03-16 12:04:22 [restartedMain] INFO  SpringDemo.MainTest - Starting MainTest using Java 17.0.1 on D-OS1-THANHDD with PID 11108 (C:\Users\thang.doan\eclipse-workspace\SpringDemo\target\classes started by thang.doan in C:\Users\thang.doan\eclipse-workspace\SpringDemo)
2022-03-16 12:04:22 [restartedMain] INFO  SpringDemo.MainTest - No active profile set, falling back to 1 default profile: "default"
2022-03-16 12:04:22 [restartedMain] INFO  o.s.b.d.e.DevToolsPropertyDefaultsPostProcessor - Devtools property defaults active! Set 'spring.devtools.add-properties' to 'false' to disable
2022-03-16 12:04:22 [restartedMain] INFO  o.s.b.d.e.DevToolsPropertyDefaultsPostProcessor - For additional web related logging consider setting the 'logging.level.web' property to 'DEBUG'
2022-03-16 12:04:23 [restartedMain] INFO  o.s.b.w.e.tomcat.TomcatWebServer - Tomcat initialized with port(s): 9090 (http)
2022-03-16 12:04:23 [restartedMain] INFO  o.a.catalina.core.StandardService - Starting service [Tomcat]
2022-03-16 12:04:23 [restartedMain] INFO  o.a.catalina.core.StandardEngine - Starting Servlet engine: [Apache Tomcat/9.0.58]
2022-03-16 12:04:23 [restartedMain] INFO  o.a.c.c.C.[Tomcat].[localhost].[/] - Initializing Spring embedded WebApplicationContext
2022-03-16 12:04:23 [restartedMain] INFO  o.s.b.w.s.c.ServletWebServerApplicationContext - Root WebApplicationContext: initialization completed in 689 ms
2022-03-16 12:04:23 [restartedMain] INFO  o.s.b.d.a.OptionalLiveReloadServer - LiveReload server is running on port 35729
2022-03-16 12:04:23 [restartedMain] INFO  o.s.b.w.e.tomcat.TomcatWebServer - Tomcat started on port(s): 9090 (http) with context path ''
2022-03-16 12:04:23 [restartedMain] INFO  SpringDemo.MainTest - Started MainTest in 1.417 seconds (JVM running for 2.086)
2022-03-16 12:04:23 [restartedMain] ERROR SpringDemo.MainTest - Mesage logged at error level
2022-03-16 12:04:23 [restartedMain] WARN  SpringDemo.MainTest - Mesage logged at warn level
2022-03-16 12:04:23 [restartedMain] INFO  SpringDemo.MainTest - Mesage logged at info level
2022-03-16 17:38:32 [restartedMain] INFO  SpringDemo.MainTest - Starting MainTest using Java 17.0.1 on D-OS1-THANHDD with PID 4364 (C:\Users\thang.doan\eclipse-workspace\SpringDemo\target\classes started by thang.doan in C:\Users\thang.doan\eclipse-workspace\SpringDemo)
2022-03-16 17:38:32 [restartedMain] INFO  SpringDemo.MainTest - No active profile set, falling back to 1 default profile: "default"
2022-03-16 17:38:32 [restartedMain] INFO  o.s.b.d.e.DevToolsPropertyDefaultsPostProcessor - Devtools property defaults active! Set 'spring.devtools.add-properties' to 'false' to disable
2022-03-16 17:38:32 [restartedMain] INFO  o.s.b.d.e.DevToolsPropertyDefaultsPostProcessor - For additional web related logging consider setting the 'logging.level.web' property to 'DEBUG'
2022-03-16 17:38:33 [restartedMain] INFO  o.s.b.w.e.tomcat.TomcatWebServer - Tomcat initialized with port(s): 9090 (http)
2022-03-16 17:38:33 [restartedMain] INFO  o.a.catalina.core.StandardService - Starting service [Tomcat]
2022-03-16 17:38:33 [restartedMain] INFO  o.a.catalina.core.StandardEngine - Starting Servlet engine: [Apache Tomcat/9.0.58]
2022-03-16 17:38:33 [restartedMain] INFO  o.a.c.c.C.[Tomcat].[localhost].[/] - Initializing Spring embedded WebApplicationContext
2022-03-16 17:38:33 [restartedMain] INFO  o.s.b.w.s.c.ServletWebServerApplicationContext - Root WebApplicationContext: initialization completed in 607 ms
2022-03-16 17:38:33 [restartedMain] WARN  o.s.b.d.a.OptionalLiveReloadServer - Unable to start LiveReload server
2022-03-16 17:38:33 [restartedMain] WARN  o.s.b.w.s.c.AnnotationConfigServletWebServerApplicationContext - Exception encountered during context initialization - cancelling refresh attempt: org.springframework.context.ApplicationContextException: Failed to start bean 'webServerStartStop'; nested exception is org.springframework.boot.web.server.PortInUseException: Port 9090 is already in use
2022-03-16 17:38:33 [restartedMain] INFO  o.a.catalina.core.StandardService - Stopping service [Tomcat]
2022-03-16 17:38:33 [restartedMain] INFO  o.s.b.a.l.ConditionEvaluationReportLoggingListener - 

Error starting ApplicationContext. To display the conditions report re-run your application with 'debug' enabled.
2022-03-16 17:38:33 [restartedMain] ERROR o.s.b.d.LoggingFailureAnalysisReporter - 

***************************
APPLICATION FAILED TO START
***************************

Description:

Web server failed to start. Port 9090 was already in use.

Action:

Identify and stop the process that's listening on port 9090 or configure this application to listen on another port.

2022-03-16 17:38:43 [RMI TCP Connection(338)-127.0.0.1] INFO  o.s.b.a.SpringApplicationAdminMXBeanRegistrar$SpringApplicationAdmin - Application shutdown requested.
2022-03-16 17:39:09 [restartedMain] INFO  SpringDemo.MainTest - Starting MainTest using Java 17.0.1 on D-OS1-THANHDD with PID 13880 (C:\Users\thang.doan\eclipse-workspace\SpringDemo\target\classes started by thang.doan in C:\Users\thang.doan\eclipse-workspace\SpringDemo)
2022-03-16 17:39:09 [restartedMain] INFO  SpringDemo.MainTest - No active profile set, falling back to 1 default profile: "default"
2022-03-16 17:39:09 [restartedMain] INFO  o.s.b.d.e.DevToolsPropertyDefaultsPostProcessor - Devtools property defaults active! Set 'spring.devtools.add-properties' to 'false' to disable
2022-03-16 17:39:09 [restartedMain] INFO  o.s.b.d.e.DevToolsPropertyDefaultsPostProcessor - For additional web related logging consider setting the 'logging.level.web' property to 'DEBUG'
2022-03-16 17:39:09 [restartedMain] INFO  o.s.b.w.e.tomcat.TomcatWebServer - Tomcat initialized with port(s): 9090 (http)
2022-03-16 17:39:09 [restartedMain] INFO  o.a.catalina.core.StandardService - Starting service [Tomcat]
2022-03-16 17:39:09 [restartedMain] INFO  o.a.catalina.core.StandardEngine - Starting Servlet engine: [Apache Tomcat/9.0.58]
2022-03-16 17:39:10 [restartedMain] INFO  o.a.c.c.C.[Tomcat].[localhost].[/] - Initializing Spring embedded WebApplicationContext
2022-03-16 17:39:10 [restartedMain] INFO  o.s.b.w.s.c.ServletWebServerApplicationContext - Root WebApplicationContext: initialization completed in 594 ms
2022-03-16 17:39:10 [restartedMain] INFO  o.s.b.d.a.OptionalLiveReloadServer - LiveReload server is running on port 35729
2022-03-16 17:39:10 [restartedMain] INFO  o.s.b.w.e.tomcat.TomcatWebServer - Tomcat started on port(s): 9090 (http) with context path ''
2022-03-16 17:39:10 [restartedMain] INFO  SpringDemo.MainTest - Started MainTest in 1.208 seconds (JVM running for 1.739)
2022-03-16 17:39:10 [restartedMain] ERROR SpringDemo.MainTest - Mesage logged at error level
2022-03-16 17:39:10 [restartedMain] WARN  SpringDemo.MainTest - Mesage logged at warn level
2022-03-16 17:39:10 [restartedMain] INFO  SpringDemo.MainTest - Mesage logged at info level
2022-03-16 17:39:17 [restartedMain] INFO  SpringDemo.MainTest - Starting MainTest using Java 17.0.1 on D-OS1-THANHDD with PID 13880 (C:\Users\thang.doan\eclipse-workspace\SpringDemo\target\classes started by thang.doan in C:\Users\thang.doan\eclipse-workspace\SpringDemo)
2022-03-16 17:39:17 [restartedMain] INFO  SpringDemo.MainTest - No active profile set, falling back to 1 default profile: "default"
2022-03-16 17:39:17 [restartedMain] INFO  o.s.b.w.e.tomcat.TomcatWebServer - Tomcat initialized with port(s): 9090 (http)
2022-03-16 17:39:17 [restartedMain] INFO  o.a.catalina.core.StandardService - Starting service [Tomcat]
2022-03-16 17:39:17 [restartedMain] INFO  o.a.catalina.core.StandardEngine - Starting Servlet engine: [Apache Tomcat/9.0.58]
2022-03-16 17:39:18 [restartedMain] INFO  o.a.c.c.C.[Tomcat].[localhost].[/] - Initializing Spring embedded WebApplicationContext
2022-03-16 17:39:18 [restartedMain] INFO  o.s.b.w.s.c.ServletWebServerApplicationContext - Root WebApplicationContext: initialization completed in 145 ms
2022-03-16 17:39:18 [restartedMain] INFO  o.s.b.d.a.OptionalLiveReloadServer - LiveReload server is running on port 35729
2022-03-16 17:39:18 [restartedMain] INFO  o.s.b.w.e.tomcat.TomcatWebServer - Tomcat started on port(s): 9090 (http) with context path ''
2022-03-16 17:39:18 [restartedMain] INFO  SpringDemo.MainTest - Started MainTest in 0.243 seconds (JVM running for 9.518)
2022-03-16 17:39:18 [restartedMain] INFO  o.s.b.d.a.ConditionEvaluationDeltaLoggingListener - Condition evaluation unchanged
2022-03-16 17:39:18 [restartedMain] ERROR SpringDemo.MainTest - Mesage logged at error level
2022-03-16 17:39:18 [restartedMain] WARN  SpringDemo.MainTest - Mesage logged at warn level
2022-03-16 17:39:18 [restartedMain] INFO  SpringDemo.MainTest - Mesage logged at info level
2022-03-16 17:40:18 [RMI TCP Connection(3)-127.0.0.1] INFO  o.s.b.a.SpringApplicationAdminMXBeanRegistrar$SpringApplicationAdmin - Application shutdown requested.
